NoLookKeyboard_kotlin/app/build/outputs/logs/manifest-merger-debug-report.txt
-- Merging decision tree log ---
manifest
ADDED from src/main/AndroidManifest.xml:2:1-31:12
INJECTED from src/main/AndroidManifest.xml:2:1-31:12
INJECTED from src/main/AndroidManifest.xml:2:1-31:12
INJECTED from src/main/AndroidManifest.xml:2:1-31:12
INJECTED from src/main/AndroidManifest.xml:2:1-31:12
INJECTED from src/main/AndroidManifest.xml:2:1-31:12
INJECTED from src/main/AndroidManifest.xml:2:1-31:12
	package
		ADDED from src/main/AndroidManifest.xml:3:7-39
		INJECTED from src/main/AndroidManifest.xml
		INJECTED from src/main/AndroidManifest.xml
	android:versionName
		ADDED from src/main/AndroidManifest.xml:5:7-34
		INJECTED from src/main/AndroidManifest.xml
		INJECTED from src/main/AndroidManifest.xml
	xmlns:android
		ADDED from src/main/AndroidManifest.xml:2:11-69
	android:versionCode
		ADDED from src/main/AndroidManifest.xml:4:7-30
		INJECTED from src/main/AndroidManifest.xml
		INJECTED from src/main/AndroidManifest.xml
uses-permission#android.permission.VIBRATE
ADDED from src/main/AndroidManifest.xml:6:5-66
	android:name
		ADDED from src/main/AndroidManifest.xml:6:22-63
application
ADDED from src/main/AndroidManifest.xml:7:5-30:19
	android:label
		ADDED from src/main/AndroidManifest.xml:7:48-80
	android:icon
		ADDED from src/main/AndroidManifest.xml:7:18-47
service#com.teuskim.nlkeyboard.NLKeyboardService
ADDED from src/main/AndroidManifest.xml:8:6-14:19
	android:permission
		ADDED from src/main/AndroidManifest.xml:9:17-74
	android:name
		ADDED from src/main/AndroidManifest.xml:8:15-70
intent-filter#android.view.InputMethod
ADDED from src/main/AndroidManifest.xml:10:13-12:29
action#android.view.InputMethod
ADDED from src/main/AndroidManifest.xml:11:17-67
	android:name
		ADDED from src/main/AndroidManifest.xml:11:25-64
meta-data#android.view.im
ADDED from src/main/AndroidManifest.xml:13:13-88
	android:resource
		ADDED from src/main/AndroidManifest.xml:13:55-85
	android:name
		ADDED from src/main/AndroidManifest.xml:13:24-54
activity#com.teuskim.nlkeyboard.MainActivity
ADDED from src/main/AndroidManifest.xml:15:9-22:20
	android:windowSoftInputMode
		ADDED from src/main/AndroidManifest.xml:17:10-51
	android:theme
		ADDED from src/main/AndroidManifest.xml:16:10-57
	android:name
		ADDED from src/main/AndroidManifest.xml:15:19-69
intent-filter#android.intent.action.MAIN+android.intent.category.LAUNCHER
ADDED from src/main/AndroidManifest.xml:18:10-21:29
action#android.intent.action.MAIN
ADDED from src/main/AndroidManifest.xml:19:17-69
	android:name
		ADDED from src/main/AndroidManifest.xml:19:25-66
category#android.intent.category.LAUNCHER
ADDED from src/main/AndroidManifest.xml:20:17-77
	android:name
		ADDED from src/main/AndroidManifest.xml:20:27-74
activity#com.teuskim.nlkeyboard.SettingActivity
ADDED from src/main/AndroidManifest.xml:23:9-24:60
	android:theme
		ADDED from src/main/AndroidManifest.xml:24:10-57
	android:name
		ADDED from src/main/AndroidManifest.xml:23:19-72
activity#com.teuskim.nlkeyboard.GuideActivity
ADDED from src/main/AndroidManifest.xml:25:9-26:60
	android:theme
		ADDED from src/main/AndroidManifest.xml:26:10-57
	android:name
		ADDED from src/main/AndroidManifest.xml:25:19-70
activity#com.teuskim.nlkeyboard.RegisterCustomActivity
ADDED from src/main/AndroidManifest.xml:27:9-29:54
	android:windowSoftInputMode
		ADDED from src/main/AndroidManifest.xml:29:10-51
	android:theme
		ADDED from src/main/AndroidManifest.xml:28:10-57
	android:name
		ADDED from src/main/AndroidManifest.xml:27:19-79
uses-sdk
INJECTED from src/main/AndroidManifest.xml reason: use-sdk injection requested
INJECTED from src/main/AndroidManifest.xml
INJECTED from src/main/AndroidManifest.xml
INJECTED from src/main/AndroidManifest.xml
INJECTED from src/main/AndroidManifest.xml
	android:targetSdkVersion
		INJECTED from src/main/AndroidManifest.xml
		ADDED from src/main/AndroidManifest.xml
		INJECTED from src/main/AndroidManifest.xml
	android:minSdkVersion
		INJECTED from src/main/AndroidManifest.xml
		ADDED from src/main/AndroidManifest.xml
		INJECTED from src/main/AndroidManifest.xml